已經開始建置於 2017/3/17 下午 01:30:42。
     1>節點 2 (Build 目標) 上的專案 "C:\Users\user\Desktop\雜項\程式\OpenCv\Project2\Project2\Project2.vcxproj"。
     1>ClCompile:
         C:\Program Files (x86)\Microsoft Visual Studio 12.0\VC\bin\x86_amd64\CL.exe /c /IC:\opencv\build\include\opencv2 /IC:\opencv\build\include\opencv /IC:\opencv\build\include /Zi /nologo /W3 /WX- /sdl /Od /D _MBCS /Gm /EHsc /RTC1 /MDd /GS /fp:precise /Zc:wchar_t /Zc:forScope /Fo"x64\Debug\\" /Fd"x64\Debug\vc120.pdb" /Gd /TP /errorReport:prompt Source.cpp
         Source.cpp
     1>C:\opencv\build\include\opencv2/core/mat.hpp(1965): warning C4819: 檔案含有無法在目前字碼頁 (950) 中表示的字元。請以 Unicode 格式儲存檔案以防止資料遺失
     1>C:\opencv\build\include\opencv2/core/persistence.hpp : warning C4819: 檔案含有無法在目前字碼頁 (950) 中表示的字元。請以 Unicode 格式儲存檔案以防止資料遺失
     1>C:\opencv\build\include\opencv2/core/utility.hpp : warning C4819: 檔案含有無法在目前字碼頁 (950) 中表示的字元。請以 Unicode 格式儲存檔案以防止資料遺失
     1>Source.cpp(205): warning C4244: '引數' : 將 'double' 轉換為 'int'，由於類型不同，可能導致資料遺失
     1>Source.cpp(212): warning C4244: '引數' : 將 'double' 轉換為 'int'，由於類型不同，可能導致資料遺失
     1>Source.cpp(236): warning C4101: 'i' : 未參考的區域變數
     1>Source.cpp(236): warning C4101: 'j' : 未參考的區域變數
     1>Source.cpp(319): warning C4244: '引數' : 將 'double' 轉換為 'int'，由於類型不同，可能導致資料遺失
     1>Source.cpp(355): warning C4244: '=' : 將 'float' 轉換為 'int'，由於類型不同，可能導致資料遺失
     1>Source.cpp(356): warning C4244: '=' : 將 'float' 轉換為 'int'，由於類型不同，可能導致資料遺失
     1>Source.cpp(361): warning C4244: '=' : 將 'float' 轉換為 'int'，由於類型不同，可能導致資料遺失
     1>Source.cpp(362): warning C4244: '=' : 將 'float' 轉換為 'int'，由於類型不同，可能導致資料遺失
     1>Source.cpp(367): warning C4244: '=' : 將 'float' 轉換為 'int'，由於類型不同，可能導致資料遺失
     1>Source.cpp(368): warning C4244: '=' : 將 'float' 轉換為 'int'，由於類型不同，可能導致資料遺失
       Link:
         C:\Program Files (x86)\Microsoft Visual Studio 12.0\VC\bin\x86_amd64\link.exe /ERRORREPORT:PROMPT /OUT:"C:\Users\user\Desktop\雜項\程式\OpenCv\Project2\x64\Debug\Project2.exe" /INCREMENTAL /NOLOGO /LIBPATH:C:\opencv\build\x64\vc12\lib C:\opencv\build\x64\vc12\lib\opencv_world310d.lib kernel32.lib user32.lib gdi32.lib winspool.lib comdlg32.lib advapi32.lib shell32.lib ole32.lib oleaut32.lib uuid.lib odbc32.lib odbccp32.lib /MANIFEST /MANIFESTUAC:"level='asInvoker' uiAccess='false'" /manifest:embed /DEBUG /PDB:"C:\Users\user\Desktop\雜項\程式\OpenCv\Project2\x64\Debug\Project2.pdb" /TLBID:1 /DYNAMICBASE /NXCOMPAT /IMPLIB:"C:\Users\user\Desktop\雜項\程式\OpenCv\Project2\x64\Debug\Project2.lib" /MACHINE:X64 x64\Debug\Source.obj
         Project2.vcxproj -> C:\Users\user\Desktop\雜項\程式\OpenCv\Project2\x64\Debug\Project2.exe
     1>專案 "C:\Users\user\Desktop\雜項\程式\OpenCv\Project2\Project2\Project2.vcxproj" (Build 目標) 建置完成。

建置成功。

經過時間 00:00:07.68
